<?xml version="1.0" encoding="UTF-8"?>
<!DOCTYPE suite SYSTEM "https://testng.org/testng-1.0.dtd">
<suite  name="MMT BOOK Flight ">
  <test thread-count="5" verbose="2" name="MMT BOOK Flight ">
    <classes>
      <class name="com.mmt.tescases.HomePageTest"/>
      <class name="com.mmt.tescases.SearchResultPageTest"/>
      
    </classes>
  </test> <!-- Default test -->
</suite> <!-- Default suite -->