<?xml version="1.0" encoding="UTF-8"?>
<!-- Generated by org.testng.reporters.JUnitReportReporter -->
<testsuite skipped="1" hostname="anirban-hp-notebook" name="com.mmt.tescases.HomePageTest" tests="2" failures="0" timestamp="2022-07-18T20:15:48 IST" time="16.874" errors="0">
  <testcase name="fillDetailsTest" time="16.874" classname="com.mmt.tescases.HomePageTest"/>
  <system-out/>
  <testcase name="verifyHomePageTitle" classname="com.mmt.tescases.HomePageTest">
    <skipped/>
  </testcase> <!-- verifyHomePageTitle -->
  <system-out/>
</testsuite> <!-- com.mmt.tescases.HomePageTest -->
